proguard/mapping.txt
com.tab28.jaawartou.AboutDialog -> com.tab28.jaawartou.a:
    android.content.Context mContext -> a
    void onCreate(android.os.Bundle) -> onCreate
    java.lang.String readRawTextFile(int) -> a
com.tab28.jaawartou.CustomListViewAdapter -> com.tab28.jaawartou.b:
    android.content.Context context -> a
    android.view.View getView(int,android.view.View,android.view.ViewGroup) -> getView
com.tab28.jaawartou.CustomListViewAdapter$ViewHolder -> com.tab28.jaawartou.c:
    android.widget.TextView txtFran -> a
    android.widget.TextView txtArab -> b
    android.widget.TextView txtTran -> c
    com.tab28.jaawartou.CustomListViewAdapter this$0 -> d
com.tab28.jaawartou.JaawartouActivity -> com.tab28.jaawartou.JaawartouActivity:
    android.widget.ImageView btnPlay -> a
    android.widget.ImageView btnForward -> b
    android.widget.ImageView btnBackward -> c
    android.widget.ImageView btnNext -> d
    android.widget.ImageView btnPrevious -> e
    android.widget.ImageView listSongBtn -> f
    android.widget.ImageView backBtn -> g
    android.widget.ImageButton btnShuffle -> h
    android.widget.ImageButton btnRepeat -> i
    android.widget.SeekBar songProgressBar -> j
    java.util.ArrayList songsList -> k
    android.widget.ListAdapter adapter -> w
    android.widget.ListView listSongLv -> x
    android.widget.LinearLayout playerScreen -> y
    android.widget.LinearLayout listSongScreen -> z
    android.widget.TextView songTitle -> l
    android.widget.TextView songCurrentDurationLabel -> m
    android.widget.TextView songTotalDurationLabel -> n
    android.content.Intent playerService -> o
    android.widget.ListView listView -> p
    java.util.List rowItems -> q
    java.lang.String url -> r
    java.lang.String qacidaName -> s
    java.lang.String[] arab -> t
    java.lang.String[] fran -> u
    java.lang.String[] tran -> v
    boolean isVisible -> A
    void onCreate(android.os.Bundle) -> onCreate
    void onDestroy() -> onDestroy
    void exitPlayer() -> b
    void cancelNotification() -> a
    void initViews() -> c
    boolean onCreateOptionsMenu(android.view.Menu) -> onCreateOptionsMenu
com.tab28.jaawartou.JaawartouActivity$1 -> com.tab28.jaawartou.d:
    com.tab28.jaawartou.JaawartouActivity this$0 -> a
    void onClick(android.content.DialogInterface,int) -> onClick
com.tab28.jaawartou.JaawartouActivity$2 -> com.tab28.jaawartou.e:
    com.tab28.jaawartou.JaawartouActivity this$0 -> a
    void onClick(android.content.DialogInterface,int) -> onClick
com.tab28.jaawartou.JaawartouActivity$3 -> com.tab28.jaawartou.f:
    com.tab28.jaawartou.JaawartouActivity this$0 -> a
    void onClick(android.content.DialogInterface,int) -> onClick
...
android.support.v4.app.ActivityCompatHoneycomb -> android.support.v4.app.a:
    void invalidateOptionsMenu(android.app.Activity) -> a
android.support.v4.app.BackStackRecord -> android.support.v4.app.b:
    android.support.v4.app.FragmentManagerImpl mManager -> a
    android.support.v4.app.BackStackRecord$Op mHead -> b
    android.support.v4.app.BackStackRecord$Op mTail -> c
    int mNumOp -> d
    int mEnterAnim -> e
    int mExitAnim -> f
    int mPopEnterAnim -> g
    int mPopExitAnim -> h
    int mTransition -> i
    int mTransitionStyle -> j
    boolean mAddToBackStack -> k
    boolean mAllowAddToBackStack -> l
    java.lang.String mName -> m
    boolean mCommitted -> n
    int mIndex -> o
    int mBreadCrumbTitleRes -> p
    java.lang.CharSequence mBreadCrumbTitleText -> q
    int mBreadCrumbShortTitleRes -> r
    java.lang.CharSequence mBreadCrumbShortTitleText -> s
    java.lang.String toString() -> toString
    void dump(java.lang.String,java.io.FileDescriptor,java.io.PrintWriter,java.lang.String[]) -> a
    void dump(java.lang.String,java.io.PrintWriter,boolean) -> a
    void addOp(android.support.v4.app.BackStackRecord$Op) -> a
    android.support.v4.app.FragmentTransaction add(int,android.support.v4.app.Fragment,java.lang.String) -> a
    void doAddOp(int,android.support.v4.app.Fragment,java.lang.String,int) -> a
    android.support.v4.app.FragmentTransaction detach(android.support.v4.app.Fragment) -> a
    android.support.v4.app.FragmentTransaction attach(android.support.v4.app.Fragment) -> b
    void bumpBackStackNesting(int) -> a
    int commit() -> a
    int commitInternal(boolean) -> a
android.support.v4.app.BackStackRecord$Op -> android.support.v4.app.c:
    android.support.v4.app.BackStackRecord$Op next -> a
    android.support.v4.app.BackStackRecord$Op prev -> b
    int cmd -> c
    android.support.v4.app.Fragment fragment -> d
    int enterAnim -> e
    int exitAnim -> f
    int popEnterAnim -> g
    int popExitAnim -> h
    java.util.ArrayList removed -> i
android.support.v4.app.BackStackState -> android.support.v4.app.BackStackState:
    int[] mOps -> a
    int mTransition -> b
    int mTransitionStyle -> c
    java.lang.String mName -> d
    int mIndex -> e
    int mBreadCrumbTitleRes -> f
    java.lang.CharSequence mBreadCrumbTitleText -> g
    int mBreadCrumbShortTitleRes -> h
    java.lang.CharSequence mBreadCrumbShortTitleText -> i
    android.os.Parcelable$Creator CREATOR -> CREATOR
    android.support.v4.app.BackStackRecord instantiate(android.support.v4.app.FragmentManagerImpl) -> a
    int describeContents() -> describeContents
    void writeToParcel(android.os.Parcel,int) -> writeToParcel
android.support.v4.app.BackStackState$1 -> android.support.v4.app.d:
    android.support.v4.app.BackStackState createFromParcel(android.os.Parcel) -> a
    android.support.v4.app.BackStackState[] newArray(int) -> a
    java.lang.Object[] newArray(int) -> newArray
    java.lang.Object createFromParcel(android.os.Parcel) -> createFromParcel